<?xml version="1.0" encoding="UTF-8"?>
<!-- Generated by org.testng.reporters.JUnitReportReporter -->
<testsuite hostname="NOELIA-PC" name="tests.Regression" tests="2" failures="0" timestamp="5 Jan 2019 21:12:45 GMT" time="0,012" errors="0">
  <testcase name="generateInvitation" time="0,011" classname="tests.Regression"/>
  <testcase name="prueba" time="0,001" classname="tests.Regression"/>
</testsuite>
